{"/Users/goldman/GitMe/modakappv1/expo-env.d.ts": {"path":"/Users/goldman/GitMe/modakappv1/expo-env.d.ts","statementMap":{},"fnMap":{},"branchMap":{},"s":{},"f":{},"b":{}}
,"/Users/goldman/GitMe/modakappv1/.expo/types/router.d.ts": {"path":"/Users/goldman/GitMe/modakappv1/.expo/types/router.d.ts","statementMap":{},"fnMap":{},"branchMap":{},"s":{},"f":{},"b":{}}
,"/Users/goldman/GitMe/modakappv1/app/+not-found.tsx": {"path":"/Users/goldman/GitMe/modakappv1/app/+not-found.tsx","statementMap":{"0":{"start":{"line":8,"column":2},"end":{"line":18,"column":4}},"1":{"start":{"line":21,"column":15},"end":{"line":32,"column":2}}},"fnMap":{"0":{"name":"NotFoundScreen","decl":{"start":{"line":7,"column":24},"end":{"line":7,"column":38}},"loc":{"start":{"line":7,"column":41},"end":{"line":19,"column":1}},"line":7}},"branchMap":{},"s":{"0":0,"1":0},"f":{"0":0},"b":{}}
,"/Users/goldman/GitMe/modakappv1/app/_layout.tsx": {"path":"/Users/goldman/GitMe/modakappv1/app/_layout.tsx","statementMap":{"0":{"start":{"line":12,"column":0},"end":{"line":12,"column":36}},"1":{"start":{"line":15,"column":22},"end":{"line":15,"column":38}},"2":{"start":{"line":16,"column":19},"end":{"line":18,"column":4}},"3":{"start":{"line":20,"column":2},"end":{"line":24,"column":15}},"4":{"start":{"line":21,"column":4},"end":{"line":23,"column":5}},"5":{"start":{"line":22,"column":6},"end":{"line":22,"column":31}},"6":{"start":{"line":26,"column":2},"end":{"line":28,"column":3}},"7":{"start":{"line":27,"column":4},"end":{"line":27,"column":16}},"8":{"start":{"line":30,"column":2},"end":{"line":39,"column":4}}},"fnMap":{"0":{"name":"RootLayout","decl":{"start":{"line":14,"column":24},"end":{"line":14,"column":34}},"loc":{"start":{"line":14,"column":37},"end":{"line":40,"column":1}},"line":14},"1":{"name":"(anonymous_1)","decl":{"start":{"line":20,"column":12},"end":{"line":20,"column":13}},"loc":{"start":{"line":20,"column":18},"end":{"line":24,"column":3}},"line":20}},"branchMap":{"0":{"loc":{"start":{"line":21,"column":4},"end":{"line":23,"column":5}},"type":"if","locations":[{"start":{"line":21,"column":4},"end":{"line":23,"column":5}},{"start":{},"end":{}}],"line":21},"1":{"loc":{"start":{"line":26,"column":2},"end":{"line":28,"column":3}},"type":"if","locations":[{"start":{"line":26,"column":2},"end":{"line":28,"column":3}},{"start":{},"end":{}}],"line":26},"2":{"loc":{"start":{"line":31,"column":26},"end":{"line":31,"column":75}},"type":"cond-expr","locations":[{"start":{"line":31,"column":51},"end":{"line":31,"column":60}},{"start":{"line":31,"column":63},"end":{"line":31,"column":75}}],"line":31}},"s":{"0":0,"1":0,"2":0,"3":0,"4":0,"5":0,"6":0,"7":0,"8":0},"f":{"0":0,"1":0},"b":{"0":[0,0],"1":[0,0],"2":[0,0]}}
,"/Users/goldman/GitMe/modakappv1/app/search.tsx": {"path":"/Users/goldman/GitMe/modakappv1/app/search.tsx","statementMap":{"0":{"start":{"line":16,"column":58},"end":{"line":16,"column":76}},"1":{"start":{"line":17,"column":33},"end":{"line":17,"column":50}},"2":{"start":{"line":18,"column":17},"end":{"line":18,"column":28}},"3":{"start":{"line":19,"column":17},"end":{"line":19,"column":36}},"4":{"start":{"line":20,"column":40},"end":{"line":20,"column":52}},"5":{"start":{"line":22,"column":2},"end":{"line":24,"column":9}},"6":{"start":{"line":23,"column":4},"end":{"line":23,"column":22}},"7":{"start":{"line":26,"column":21},"end":{"line":28,"column":14}},"8":{"start":{"line":27,"column":4},"end":{"line":27,"column":18}},"9":{"start":{"line":30,"column":31},"end":{"line":36,"column":3}},"10":{"start":{"line":32,"column":6},"end":{"line":32,"column":35}},"11":{"start":{"line":33,"column":6},"end":{"line":33,"column":20}},"12":{"start":{"line":38,"column":2},"end":{"line":87,"column":4}},"13":{"start":{"line":72,"column":16},"end":{"line":80,"column":33}},"14":{"start":{"line":75,"column":33},"end":{"line":75,"column":63}},"15":{"start":{"line":90,"column":15},"end":{"line":139,"column":2}}},"fnMap":{"0":{"name":"SearchScreen","decl":{"start":{"line":15,"column":24},"end":{"line":15,"column":36}},"loc":{"start":{"line":15,"column":39},"end":{"line":88,"column":1}},"line":15},"1":{"name":"(anonymous_1)","decl":{"start":{"line":22,"column":12},"end":{"line":22,"column":13}},"loc":{"start":{"line":22,"column":18},"end":{"line":24,"column":3}},"line":22},"2":{"name":"(anonymous_2)","decl":{"start":{"line":26,"column":33},"end":{"line":26,"column":34}},"loc":{"start":{"line":26,"column":39},"end":{"line":28,"column":3}},"line":26},"3":{"name":"(anonymous_3)","decl":{"start":{"line":31,"column":4},"end":{"line":31,"column":5}},"loc":{"start":{"line":31,"column":28},"end":{"line":34,"column":5}},"line":31},"4":{"name":"(anonymous_4)","decl":{"start":{"line":71,"column":30},"end":{"line":71,"column":31}},"loc":{"start":{"line":72,"column":16},"end":{"line":80,"column":33}},"line":72},"5":{"name":"(anonymous_5)","decl":{"start":{"line":75,"column":27},"end":{"line":75,"column":28}},"loc":{"start":{"line":75,"column":33},"end":{"line":75,"column":63}},"line":75}},"branchMap":{"0":{"loc":{"start":{"line":61,"column":9},"end":{"line":84,"column":9}},"type":"cond-expr","locations":[{"start":{"line":62,"column":10},"end":{"line":62,"column":53}},{"start":{"line":63,"column":12},"end":{"line":84,"column":9}}],"line":61},"1":{"loc":{"start":{"line":63,"column":12},"end":{"line":84,"column":9}},"type":"cond-expr","locations":[{"start":{"line":64,"column":10},"end":{"line":64,"column":87}},{"start":{"line":66,"column":10},"end":{"line":83,"column":23}}],"line":63}},"s":{"0":0,"1":0,"2":0,"3":0,"4":0,"5":0,"6":0,"7":0,"8":0,"9":0,"10":0,"11":0,"12":0,"13":0,"14":0,"15":0},"f":{"0":0,"1":0,"2":0,"3":0,"4":0,"5":0},"b":{"0":[0,0],"1":[0,0]}}
,"/Users/goldman/GitMe/modakappv1/app/(tabs)/_layout.tsx": {"path":"/Users/goldman/GitMe/modakappv1/app/(tabs)/_layout.tsx","statementMap":{"0":{"start":{"line":12,"column":22},"end":{"line":12,"column":38}},"1":{"start":{"line":14,"column":2},"end":{"line":55,"column":4}},"2":{"start":{"line":40,"column":14},"end":{"line":40,"column":92}},"3":{"start":{"line":49,"column":14},"end":{"line":49,"column":92}}},"fnMap":{"0":{"name":"TabLayout","decl":{"start":{"line":11,"column":24},"end":{"line":11,"column":33}},"loc":{"start":{"line":11,"column":36},"end":{"line":56,"column":1}},"line":11},"1":{"name":"(anonymous_1)","decl":{"start":{"line":39,"column":24},"end":{"line":39,"column":25}},"loc":{"start":{"line":40,"column":14},"end":{"line":40,"column":92}},"line":40},"2":{"name":"(anonymous_2)","decl":{"start":{"line":48,"column":24},"end":{"line":48,"column":25}},"loc":{"start":{"line":49,"column":14},"end":{"line":49,"column":92}},"line":49}},"branchMap":{"0":{"loc":{"start":{"line":18,"column":32},"end":{"line":18,"column":54}},"type":"binary-expr","locations":[{"start":{"line":18,"column":32},"end":{"line":18,"column":43}},{"start":{"line":18,"column":47},"end":{"line":18,"column":54}}],"line":18},"1":{"loc":{"start":{"line":23,"column":40},"end":{"line":23,"column":62}},"type":"binary-expr","locations":[{"start":{"line":23,"column":40},"end":{"line":23,"column":51}},{"start":{"line":23,"column":55},"end":{"line":23,"column":62}}],"line":23},"2":{"loc":{"start":{"line":40,"column":42},"end":{"line":40,"column":74}},"type":"cond-expr","locations":[{"start":{"line":40,"column":52},"end":{"line":40,"column":64}},{"start":{"line":40,"column":67},"end":{"line":40,"column":74}}],"line":40},"3":{"loc":{"start":{"line":49,"column":42},"end":{"line":49,"column":74}},"type":"cond-expr","locations":[{"start":{"line":49,"column":52},"end":{"line":49,"column":64}},{"start":{"line":49,"column":67},"end":{"line":49,"column":74}}],"line":49}},"s":{"0":0,"1":0,"2":0,"3":0},"f":{"0":0,"1":0,"2":0},"b":{"0":[0,0],"1":[0,0],"2":[0,0],"3":[0,0]}}
,"/Users/goldman/GitMe/modakappv1/app/(tabs)/index.tsx": {"path":"/Users/goldman/GitMe/modakappv1/app/(tabs)/index.tsx","statementMap":{"0":{"start":{"line":24,"column":6},"end":{"line":24,"column":23}},"1":{"start":{"line":25,"column":38},"end":{"line":25,"column":52}},"2":{"start":{"line":26,"column":22},"end":{"line":26,"column":38}},"3":{"start":{"line":27,"column":17},"end":{"line":27,"column":28}},"4":{"start":{"line":29,"column":2},"end":{"line":31,"column":24}},"5":{"start":{"line":30,"column":4},"end":{"line":30,"column":20}},"6":{"start":{"line":33,"column":27},"end":{"line":37,"column":34}},"7":{"start":{"line":34,"column":4},"end":{"line":36,"column":5}},"8":{"start":{"line":35,"column":6},"end":{"line":35,"column":17}},"9":{"start":{"line":39,"column":23},"end":{"line":47,"column":45}},"10":{"start":{"line":40,"column":4},"end":{"line":40,"column":50}},"11":{"start":{"line":40,"column":38},"end":{"line":40,"column":50}},"12":{"start":{"line":42,"column":4},"end":{"line":46,"column":6}},"13":{"start":{"line":49,"column":29},"end":{"line":54,"column":3}},"14":{"start":{"line":51,"column":6},"end":{"line":51,"column":36}},"15":{"start":{"line":56,"column":25},"end":{"line":76,"column":3}},"16":{"start":{"line":58,"column":6},"end":{"line":73,"column":23}},"17":{"start":{"line":58,"column":64},"end":{"line":58,"column":91}},"18":{"start":{"line":78,"column":25},"end":{"line":98,"column":3}},"19":{"start":{"line":80,"column":6},"end":{"line":95,"column":23}},"20":{"start":{"line":80,"column":65},"end":{"line":80,"column":92}},"21":{"start":{"line":100,"column":26},"end":{"line":111,"column":3}},"22":{"start":{"line":102,"column":6},"end":{"line":108,"column":19}},"23":{"start":{"line":113,"column":2},"end":{"line":128,"column":3}},"24":{"start":{"line":114,"column":4},"end":{"line":127,"column":6}},"25":{"start":{"line":121,"column":25},"end":{"line":121,"column":40}},"26":{"start":{"line":130,"column":28},"end":{"line":132,"column":14}},"27":{"start":{"line":131,"column":4},"end":{"line":131,"column":27}},"28":{"start":{"line":134,"column":2},"end":{"line":190,"column":4}},"29":{"start":{"line":152,"column":41},"end":{"line":152,"column":67}},"30":{"start":{"line":165,"column":30},"end":{"line":165,"column":48}},"31":{"start":{"line":180,"column":10},"end":{"line":180,"column":25}},"32":{"start":{"line":181,"column":10},"end":{"line":181,"column":26}},"33":{"start":{"line":193,"column":15},"end":{"line":349,"column":2}}},"fnMap":{"0":{"name":"IndexScreen","decl":{"start":{"line":14,"column":24},"end":{"line":14,"column":35}},"loc":{"start":{"line":14,"column":38},"end":{"line":191,"column":1}},"line":14},"1":{"name":"(anonymous_1)","decl":{"start":{"line":29,"column":12},"end":{"line":29,"column":13}},"loc":{"start":{"line":29,"column":18},"end":{"line":31,"column":3}},"line":29},"2":{"name":"(anonymous_2)","decl":{"start":{"line":33,"column":39},"end":{"line":33,"column":40}},"loc":{"start":{"line":33,"column":45},"end":{"line":37,"column":3}},"line":33},"3":{"name":"(anonymous_3)","decl":{"start":{"line":39,"column":35},"end":{"line":39,"column":36}},"loc":{"start":{"line":39,"column":41},"end":{"line":47,"column":3}},"line":39},"4":{"name":"(anonymous_4)","decl":{"start":{"line":50,"column":4},"end":{"line":50,"column":5}},"loc":{"start":{"line":50,"column":20},"end":{"line":52,"column":5}},"line":50},"5":{"name":"(anonymous_5)","decl":{"start":{"line":57,"column":4},"end":{"line":57,"column":5}},"loc":{"start":{"line":58,"column":6},"end":{"line":73,"column":23}},"line":58},"6":{"name":"(anonymous_6)","decl":{"start":{"line":58,"column":58},"end":{"line":58,"column":59}},"loc":{"start":{"line":58,"column":64},"end":{"line":58,"column":91}},"line":58},"7":{"name":"(anonymous_7)","decl":{"start":{"line":79,"column":4},"end":{"line":79,"column":5}},"loc":{"start":{"line":80,"column":6},"end":{"line":95,"column":23}},"line":80},"8":{"name":"(anonymous_8)","decl":{"start":{"line":80,"column":59},"end":{"line":80,"column":60}},"loc":{"start":{"line":80,"column":65},"end":{"line":80,"column":92}},"line":80},"9":{"name":"(anonymous_9)","decl":{"start":{"line":101,"column":4},"end":{"line":101,"column":5}},"loc":{"start":{"line":102,"column":6},"end":{"line":108,"column":19}},"line":102},"10":{"name":"(anonymous_10)","decl":{"start":{"line":121,"column":19},"end":{"line":121,"column":20}},"loc":{"start":{"line":121,"column":25},"end":{"line":121,"column":40}},"line":121},"11":{"name":"(anonymous_11)","decl":{"start":{"line":130,"column":40},"end":{"line":130,"column":41}},"loc":{"start":{"line":130,"column":46},"end":{"line":132,"column":3}},"line":130},"12":{"name":"(anonymous_12)","decl":{"start":{"line":152,"column":35},"end":{"line":152,"column":36}},"loc":{"start":{"line":152,"column":41},"end":{"line":152,"column":67}},"line":152},"13":{"name":"(anonymous_13)","decl":{"start":{"line":165,"column":22},"end":{"line":165,"column":23}},"loc":{"start":{"line":165,"column":30},"end":{"line":165,"column":48}},"line":165},"14":{"name":"(anonymous_14)","decl":{"start":{"line":179,"column":19},"end":{"line":179,"column":20}},"loc":{"start":{"line":179,"column":25},"end":{"line":182,"column":9}},"line":179}},"branchMap":{"0":{"loc":{"start":{"line":34,"column":4},"end":{"line":36,"column":5}},"type":"if","locations":[{"start":{"line":34,"column":4},"end":{"line":36,"column":5}},{"start":{},"end":{}}],"line":34},"1":{"loc":{"start":{"line":34,"column":8},"end":{"line":34,"column":27}},"type":"binary-expr","locations":[{"start":{"line":34,"column":8},"end":{"line":34,"column":16}},{"start":{"line":34,"column":20},"end":{"line":34,"column":27}}],"line":34},"2":{"loc":{"start":{"line":40,"column":4},"end":{"line":40,"column":50}},"type":"if","locations":[{"start":{"line":40,"column":4},"end":{"line":40,"column":50}},{"start":{},"end":{}}],"line":40},"3":{"loc":{"start":{"line":40,"column":8},"end":{"line":40,"column":36}},"type":"binary-expr","locations":[{"start":{"line":40,"column":8},"end":{"line":40,"column":16}},{"start":{"line":40,"column":20},"end":{"line":40,"column":36}}],"line":40},"4":{"loc":{"start":{"line":44,"column":54},"end":{"line":44,"column":76}},"type":"binary-expr","locations":[{"start":{"line":44,"column":54},"end":{"line":44,"column":65}},{"start":{"line":44,"column":69},"end":{"line":44,"column":76}}],"line":44},"5":{"loc":{"start":{"line":113,"column":2},"end":{"line":128,"column":3}},"type":"if","locations":[{"start":{"line":113,"column":2},"end":{"line":128,"column":3}},{"start":{},"end":{}}],"line":113},"6":{"loc":{"start":{"line":136,"column":58},"end":{"line":136,"column":80}},"type":"binary-expr","locations":[{"start":{"line":136,"column":58},"end":{"line":136,"column":69}},{"start":{"line":136,"column":73},"end":{"line":136,"column":80}}],"line":136},"7":{"loc":{"start":{"line":139,"column":9},"end":{"line":147,"column":9}},"type":"cond-expr","locations":[{"start":{"line":140,"column":10},"end":{"line":144,"column":23}},{"start":{"line":146,"column":10},"end":{"line":146,"column":70}}],"line":139},"8":{"loc":{"start":{"line":154,"column":20},"end":{"line":154,"column":66}},"type":"cond-expr","locations":[{"start":{"line":154,"column":33},"end":{"line":154,"column":50}},{"start":{"line":154,"column":53},"end":{"line":154,"column":66}}],"line":154},"9":{"loc":{"start":{"line":162,"column":13},"end":{"line":162,"column":41}},"type":"cond-expr","locations":[{"start":{"line":162,"column":26},"end":{"line":162,"column":32}},{"start":{"line":162,"column":35},"end":{"line":162,"column":41}}],"line":162},"10":{"loc":{"start":{"line":164,"column":20},"end":{"line":164,"column":64}},"type":"cond-expr","locations":[{"start":{"line":164,"column":33},"end":{"line":164,"column":47}},{"start":{"line":164,"column":50},"end":{"line":164,"column":64}}],"line":164},"11":{"loc":{"start":{"line":173,"column":20},"end":{"line":173,"column":38}},"type":"cond-expr","locations":[{"start":{"line":173,"column":33},"end":{"line":173,"column":34}},{"start":{"line":173,"column":37},"end":{"line":173,"column":38}}],"line":173},"12":{"loc":{"start":{"line":174,"column":28},"end":{"line":174,"column":63}},"type":"cond-expr","locations":[{"start":{"line":174,"column":41},"end":{"line":174,"column":51}},{"start":{"line":174,"column":54},"end":{"line":174,"column":63}}],"line":174},"13":{"loc":{"start":{"line":184,"column":22},"end":{"line":184,"column":72}},"type":"cond-expr","locations":[{"start":{"line":184,"column":44},"end":{"line":184,"column":60}},{"start":{"line":184,"column":63},"end":{"line":184,"column":72}}],"line":184},"14":{"loc":{"start":{"line":187,"column":28},"end":{"line":187,"column":66}},"type":"cond-expr","locations":[{"start":{"line":187,"column":39},"end":{"line":187,"column":54}},{"start":{"line":187,"column":57},"end":{"line":187,"column":66}}],"line":187}},"s":{"0":0,"1":0,"2":0,"3":0,"4":0,"5":0,"6":0,"7":0,"8":0,"9":0,"10":0,"11":0,"12":0,"13":0,"14":0,"15":0,"16":0,"17":0,"18":0,"19":0,"20":0,"21":0,"22":0,"23":0,"24":0,"25":0,"26":0,"27":0,"28":0,"29":0,"30":0,"31":0,"32":0,"33":0},"f":{"0":0,"1":0,"2":0,"3":0,"4":0,"5":0,"6":0,"7":0,"8":0,"9":0,"10":0,"11":0,"12":0,"13":0,"14":0},"b":{"0":[0,0],"1":[0,0],"2":[0,0],"3":[0,0],"4":[0,0],"5":[0,0],"6":[0,0],"7":[0,0],"8":[0,0],"9":[0,0],"10":[0,0],"11":[0,0],"12":[0,0],"13":[0,0],"14":[0,0]}}
,"/Users/goldman/GitMe/modakappv1/app/(tabs)/wishlist.tsx": {"path":"/Users/goldman/GitMe/modakappv1/app/(tabs)/wishlist.tsx","statementMap":{"0":{"start":{"line":15,"column":40},"end":{"line":15,"column":58}},"1":{"start":{"line":16,"column":22},"end":{"line":16,"column":38}},"2":{"start":{"line":18,"column":21},"end":{"line":38,"column":3}},"3":{"start":{"line":19,"column":4},"end":{"line":37,"column":21}},"4":{"start":{"line":19,"column":62},"end":{"line":19,"column":96}},"5":{"start":{"line":27,"column":10},"end":{"line":27,"column":38}},"6":{"start":{"line":28,"column":10},"end":{"line":32,"column":13}},"7":{"start":{"line":40,"column":2},"end":{"line":64,"column":4}},"8":{"start":{"line":58,"column":34},"end":{"line":58,"column":52}},"9":{"start":{"line":67,"column":15},"end":{"line":145,"column":2}}},"fnMap":{"0":{"name":"WithListScreen","decl":{"start":{"line":14,"column":24},"end":{"line":14,"column":38}},"loc":{"start":{"line":14,"column":41},"end":{"line":65,"column":1}},"line":14},"1":{"name":"(anonymous_1)","decl":{"start":{"line":18,"column":21},"end":{"line":18,"column":22}},"loc":{"start":{"line":19,"column":4},"end":{"line":37,"column":21}},"line":19},"2":{"name":"(anonymous_2)","decl":{"start":{"line":19,"column":56},"end":{"line":19,"column":57}},"loc":{"start":{"line":19,"column":62},"end":{"line":19,"column":96}},"line":19},"3":{"name":"(anonymous_3)","decl":{"start":{"line":26,"column":17},"end":{"line":26,"column":18}},"loc":{"start":{"line":26,"column":23},"end":{"line":33,"column":9}},"line":26},"4":{"name":"(anonymous_4)","decl":{"start":{"line":58,"column":26},"end":{"line":58,"column":27}},"loc":{"start":{"line":58,"column":34},"end":{"line":58,"column":52}},"line":58}},"branchMap":{"0":{"loc":{"start":{"line":42,"column":57},"end":{"line":42,"column":79}},"type":"binary-expr","locations":[{"start":{"line":42,"column":57},"end":{"line":42,"column":68}},{"start":{"line":42,"column":72},"end":{"line":42,"column":79}}],"line":42},"1":{"loc":{"start":{"line":47,"column":11},"end":{"line":47,"column":95}},"type":"binary-expr","locations":[{"start":{"line":47,"column":11},"end":{"line":47,"column":27}},{"start":{"line":47,"column":31},"end":{"line":47,"column":95}}],"line":47},"2":{"loc":{"start":{"line":49,"column":9},"end":{"line":61,"column":9}},"type":"cond-expr","locations":[{"start":{"line":50,"column":10},"end":{"line":53,"column":23}},{"start":{"line":55,"column":10},"end":{"line":60,"column":12}}],"line":49},"3":{"loc":{"start":{"line":51,"column":67},"end":{"line":51,"column":89}},"type":"binary-expr","locations":[{"start":{"line":51,"column":67},"end":{"line":51,"column":78}},{"start":{"line":51,"column":82},"end":{"line":51,"column":89}}],"line":51},"4":{"loc":{"start":{"line":72,"column":15},"end":{"line":72,"column":43}},"type":"binary-expr","locations":[{"start":{"line":72,"column":15},"end":{"line":72,"column":38}},{"start":{"line":72,"column":42},"end":{"line":72,"column":43}}],"line":72}},"s":{"0":0,"1":0,"2":0,"3":0,"4":0,"5":0,"6":0,"7":0,"8":0,"9":0},"f":{"0":0,"1":0,"2":0,"3":0,"4":0},"b":{"0":[0,0],"1":[0,0],"2":[0,0],"3":[0,0],"4":[0,0]}}
,"/Users/goldman/GitMe/modakappv1/app/product/[id].tsx": {"path":"/Users/goldman/GitMe/modakappv1/app/product/[id].tsx","statementMap":{"0":{"start":{"line":22,"column":17},"end":{"line":22,"column":55}},"1":{"start":{"line":23,"column":66},"end":{"line":23,"column":90}},"2":{"start":{"line":24,"column":62},"end":{"line":24,"column":80}},"3":{"start":{"line":25,"column":22},"end":{"line":25,"column":38}},"4":{"start":{"line":26,"column":33},"end":{"line":26,"column":46}},"5":{"start":{"line":28,"column":2},"end":{"line":35,"column":11}},"6":{"start":{"line":29,"column":4},"end":{"line":31,"column":5}},"7":{"start":{"line":30,"column":6},"end":{"line":30,"column":40}},"8":{"start":{"line":32,"column":4},"end":{"line":34,"column":6}},"9":{"start":{"line":33,"column":6},"end":{"line":33,"column":14}},"10":{"start":{"line":37,"column":2},"end":{"line":153,"column":4}},"11":{"start":{"line":53,"column":12},"end":{"line":55,"column":29}},"12":{"start":{"line":53,"column":64},"end":{"line":53,"column":89}},"13":{"start":{"line":58,"column":33},"end":{"line":58,"column":75}},"14":{"start":{"line":60,"column":12},"end":{"line":88,"column":14}},"15":{"start":{"line":63,"column":18},"end":{"line":63,"column":39}},"16":{"start":{"line":63,"column":32},"end":{"line":63,"column":39}},"17":{"start":{"line":65,"column":18},"end":{"line":79,"column":19}},"18":{"start":{"line":66,"column":20},"end":{"line":66,"column":51}},"19":{"start":{"line":67,"column":20},"end":{"line":71,"column":23}},"20":{"start":{"line":73,"column":20},"end":{"line":73,"column":43}},"21":{"start":{"line":74,"column":20},"end":{"line":78,"column":23}},"22":{"start":{"line":103,"column":27},"end":{"line":103,"column":52}},"23":{"start":{"line":113,"column":31},"end":{"line":113,"column":70}},"24":{"start":{"line":143,"column":37},"end":{"line":143,"column":79}},"25":{"start":{"line":144,"column":16},"end":{"line":144,"column":58}},"26":{"start":{"line":156,"column":15},"end":{"line":231,"column":2}}},"fnMap":{"0":{"name":"ProductDetailsScreen","decl":{"start":{"line":21,"column":24},"end":{"line":21,"column":44}},"loc":{"start":{"line":21,"column":47},"end":{"line":154,"column":1}},"line":21},"1":{"name":"(anonymous_1)","decl":{"start":{"line":28,"column":12},"end":{"line":28,"column":13}},"loc":{"start":{"line":28,"column":18},"end":{"line":35,"column":3}},"line":28},"2":{"name":"(anonymous_2)","decl":{"start":{"line":32,"column":11},"end":{"line":32,"column":12}},"loc":{"start":{"line":32,"column":17},"end":{"line":34,"column":5}},"line":32},"3":{"name":"(anonymous_3)","decl":{"start":{"line":52,"column":22},"end":{"line":52,"column":23}},"loc":{"start":{"line":53,"column":12},"end":{"line":55,"column":29}},"line":53},"4":{"name":"(anonymous_4)","decl":{"start":{"line":53,"column":58},"end":{"line":53,"column":59}},"loc":{"start":{"line":53,"column":64},"end":{"line":53,"column":89}},"line":53},"5":{"name":"(anonymous_5)","decl":{"start":{"line":57,"column":23},"end":{"line":57,"column":24}},"loc":{"start":{"line":57,"column":29},"end":{"line":89,"column":11}},"line":57},"6":{"name":"(anonymous_6)","decl":{"start":{"line":62,"column":25},"end":{"line":62,"column":26}},"loc":{"start":{"line":62,"column":31},"end":{"line":80,"column":17}},"line":62},"7":{"name":"(anonymous_7)","decl":{"start":{"line":103,"column":21},"end":{"line":103,"column":22}},"loc":{"start":{"line":103,"column":27},"end":{"line":103,"column":52}},"line":103},"8":{"name":"(anonymous_8)","decl":{"start":{"line":113,"column":25},"end":{"line":113,"column":26}},"loc":{"start":{"line":113,"column":31},"end":{"line":113,"column":70}},"line":113},"9":{"name":"(anonymous_9)","decl":{"start":{"line":142,"column":23},"end":{"line":142,"column":24}},"loc":{"start":{"line":142,"column":29},"end":{"line":145,"column":15}},"line":142}},"branchMap":{"0":{"loc":{"start":{"line":29,"column":4},"end":{"line":31,"column":5}},"type":"if","locations":[{"start":{"line":29,"column":4},"end":{"line":31,"column":5}},{"start":{},"end":{}}],"line":29},"1":{"loc":{"start":{"line":41,"column":17},"end":{"line":45,"column":51}},"type":"cond-expr","locations":[{"start":{"line":42,"column":14},"end":{"line":42,"column":26}},{"start":{"line":43,"column":14},"end":{"line":45,"column":51}}],"line":41},"2":{"loc":{"start":{"line":43,"column":14},"end":{"line":45,"column":51}},"type":"cond-expr","locations":[{"start":{"line":44,"column":16},"end":{"line":44,"column":35}},{"start":{"line":45,"column":16},"end":{"line":45,"column":51}}],"line":43},"3":{"loc":{"start":{"line":45,"column":16},"end":{"line":45,"column":51}},"type":"binary-expr","locations":[{"start":{"line":45,"column":16},"end":{"line":45,"column":30}},{"start":{"line":45,"column":34},"end":{"line":45,"column":51}}],"line":45},"4":{"loc":{"start":{"line":49,"column":36},"end":{"line":49,"column":58}},"type":"binary-expr","locations":[{"start":{"line":49,"column":36},"end":{"line":49,"column":47}},{"start":{"line":49,"column":51},"end":{"line":49,"column":58}}],"line":49},"5":{"loc":{"start":{"line":54,"column":68},"end":{"line":54,"column":90}},"type":"binary-expr","locations":[{"start":{"line":54,"column":68},"end":{"line":54,"column":79}},{"start":{"line":54,"column":83},"end":{"line":54,"column":90}}],"line":54},"6":{"loc":{"start":{"line":58,"column":33},"end":{"line":58,"column":75}},"type":"cond-expr","locations":[{"start":{"line":58,"column":43},"end":{"line":58,"column":67}},{"start":{"line":58,"column":70},"end":{"line":58,"column":75}}],"line":58},"7":{"loc":{"start":{"line":63,"column":18},"end":{"line":63,"column":39}},"type":"if","locations":[{"start":{"line":63,"column":18},"end":{"line":63,"column":39}},{"start":{},"end":{}}],"line":63},"8":{"loc":{"start":{"line":65,"column":18},"end":{"line":79,"column":19}},"type":"if","locations":[{"start":{"line":65,"column":18},"end":{"line":79,"column":19}},{"start":{"line":72,"column":25},"end":{"line":79,"column":19}}],"line":65},"9":{"loc":{"start":{"line":83,"column":24},"end":{"line":83,"column":64}},"type":"cond-expr","locations":[{"start":{"line":83,"column":39},"end":{"line":83,"column":46}},{"start":{"line":83,"column":49},"end":{"line":83,"column":64}}],"line":83},"10":{"loc":{"start":{"line":85,"column":25},"end":{"line":85,"column":95}},"type":"cond-expr","locations":[{"start":{"line":85,"column":40},"end":{"line":85,"column":57}},{"start":{"line":85,"column":60},"end":{"line":85,"column":95}}],"line":85},"11":{"loc":{"start":{"line":85,"column":67},"end":{"line":85,"column":89}},"type":"binary-expr","locations":[{"start":{"line":85,"column":67},"end":{"line":85,"column":78}},{"start":{"line":85,"column":82},"end":{"line":85,"column":89}}],"line":85},"12":{"loc":{"start":{"line":93,"column":7},"end":{"line":151,"column":7}},"type":"cond-expr","locations":[{"start":{"line":94,"column":8},"end":{"line":96,"column":21}},{"start":{"line":97,"column":10},"end":{"line":151,"column":7}}],"line":93},"13":{"loc":{"start":{"line":97,"column":10},"end":{"line":151,"column":7}},"type":"cond-expr","locations":[{"start":{"line":98,"column":8},"end":{"line":107,"column":21}},{"start":{"line":109,"column":8},"end":{"line":150,"column":21}}],"line":97},"14":{"loc":{"start":{"line":97,"column":10},"end":{"line":97,"column":27}},"type":"binary-expr","locations":[{"start":{"line":97,"column":10},"end":{"line":97,"column":15}},{"start":{"line":97,"column":19},"end":{"line":97,"column":27}}],"line":97},"15":{"loc":{"start":{"line":113,"column":31},"end":{"line":113,"column":70}},"type":"binary-expr","locations":[{"start":{"line":113,"column":31},"end":{"line":113,"column":33}},{"start":{"line":113,"column":37},"end":{"line":113,"column":70}}],"line":113},"16":{"loc":{"start":{"line":116,"column":62},"end":{"line":116,"column":84}},"type":"binary-expr","locations":[{"start":{"line":116,"column":62},"end":{"line":116,"column":73}},{"start":{"line":116,"column":77},"end":{"line":116,"column":84}}],"line":116}},"s":{"0":6,"1":6,"2":6,"3":6,"4":6,"5":6,"6":6,"7":6,"8":6,"9":6,"10":6,"11":6,"12":1,"13":0,"14":0,"15":0,"16":0,"17":0,"18":0,"19":0,"20":0,"21":0,"22":0,"23":0,"24":0,"25":0,"26":1},"f":{"0":6,"1":6,"2":6,"3":6,"4":1,"5":0,"6":0,"7":0,"8":0,"9":0},"b":{"0":[6,0],"1":[1,5],"2":[1,4],"3":[4,0],"4":[6,0],"5":[6,0],"6":[0,0],"7":[0,0],"8":[0,0],"9":[0,0],"10":[0,0],"11":[0,0],"12":[1,5],"13":[1,4],"14":[5,4],"15":[0,0],"16":[4,0]},"_coverageSchema":"1a1c01bbd47fc00a2c39e90264f33305004495a9","hash":"74a3dbaaa249e634882aff2215486a0d712d1a95"}
,"/Users/goldman/GitMe/modakappv1/components/Collapsible.tsx": {"path":"/Users/goldman/GitMe/modakappv1/components/Collapsible.tsx","statementMap":{"0":{"start":{"line":11,"column":30},"end":{"line":11,"column":45}},"1":{"start":{"line":12,"column":16},"end":{"line":12,"column":43}},"2":{"start":{"line":14,"column":2},"end":{"line":33,"column":4}},"3":{"start":{"line":18,"column":23},"end":{"line":18,"column":49}},"4":{"start":{"line":18,"column":42},"end":{"line":18,"column":48}},"5":{"start":{"line":36,"column":15},"end":{"line":46,"column":2}}},"fnMap":{"0":{"name":"Collapsible","decl":{"start":{"line":10,"column":16},"end":{"line":10,"column":27}},"loc":{"start":{"line":10,"column":88},"end":{"line":34,"column":1}},"line":10},"1":{"name":"(anonymous_1)","decl":{"start":{"line":18,"column":17},"end":{"line":18,"column":18}},"loc":{"start":{"line":18,"column":23},"end":{"line":18,"column":49}},"line":18},"2":{"name":"(anonymous_2)","decl":{"start":{"line":18,"column":33},"end":{"line":18,"column":34}},"loc":{"start":{"line":18,"column":42},"end":{"line":18,"column":48}},"line":18}},"branchMap":{"0":{"loc":{"start":{"line":12,"column":16},"end":{"line":12,"column":43}},"type":"binary-expr","locations":[{"start":{"line":12,"column":16},"end":{"line":12,"column":32}},{"start":{"line":12,"column":36},"end":{"line":12,"column":43}}],"line":12},"1":{"loc":{"start":{"line":25,"column":17},"end":{"line":25,"column":73}},"type":"cond-expr","locations":[{"start":{"line":25,"column":37},"end":{"line":25,"column":54}},{"start":{"line":25,"column":57},"end":{"line":25,"column":73}}],"line":25},"2":{"loc":{"start":{"line":26,"column":41},"end":{"line":26,"column":66}},"type":"cond-expr","locations":[{"start":{"line":26,"column":50},"end":{"line":26,"column":57}},{"start":{"line":26,"column":60},"end":{"line":26,"column":66}}],"line":26},"3":{"loc":{"start":{"line":31,"column":7},"end":{"line":31,"column":75}},"type":"binary-expr","locations":[{"start":{"line":31,"column":7},"end":{"line":31,"column":13}},{"start":{"line":31,"column":17},"end":{"line":31,"column":75}}],"line":31}},"s":{"0":0,"1":0,"2":0,"3":0,"4":0,"5":0},"f":{"0":0,"1":0,"2":0},"b":{"0":[0,0],"1":[0,0],"2":[0,0],"3":[0,0]}}
,"/Users/goldman/GitMe/modakappv1/components/HapticTab.tsx": {"path":"/Users/goldman/GitMe/modakappv1/components/HapticTab.tsx","statementMap":{"0":{"start":{"line":6,"column":2},"end":{"line":17,"column":4}},"1":{"start":{"line":10,"column":8},"end":{"line":13,"column":9}},"2":{"start":{"line":12,"column":10},"end":{"line":12,"column":65}},"3":{"start":{"line":14,"column":8},"end":{"line":14,"column":30}}},"fnMap":{"0":{"name":"HapticTab","decl":{"start":{"line":5,"column":16},"end":{"line":5,"column":25}},"loc":{"start":{"line":5,"column":58},"end":{"line":18,"column":1}},"line":5},"1":{"name":"(anonymous_1)","decl":{"start":{"line":9,"column":17},"end":{"line":9,"column":18}},"loc":{"start":{"line":9,"column":23},"end":{"line":15,"column":7}},"line":9}},"branchMap":{"0":{"loc":{"start":{"line":10,"column":8},"end":{"line":13,"column":9}},"type":"if","locations":[{"start":{"line":10,"column":8},"end":{"line":13,"column":9}},{"start":{},"end":{}}],"line":10}},"s":{"0":0,"1":0,"2":0,"3":0},"f":{"0":0,"1":0},"b":{"0":[0,0]}}
,"/Users/goldman/GitMe/modakappv1/components/HelloWave.tsx": {"path":"/Users/goldman/GitMe/modakappv1/components/HelloWave.tsx","statementMap":{"0":{"start":{"line":14,"column":28},"end":{"line":14,"column":45}},"1":{"start":{"line":16,"column":2},"end":{"line":21,"column":9}},"2":{"start":{"line":17,"column":4},"end":{"line":20,"column":6}},"3":{"start":{"line":23,"column":24},"end":{"line":25,"column":5}},"4":{"start":{"line":23,"column":48},"end":{"line":25,"column":3}},"5":{"start":{"line":27,"column":2},"end":{"line":31,"column":4}},"6":{"start":{"line":34,"column":15},"end":{"line":40,"column":2}}},"fnMap":{"0":{"name":"HelloWave","decl":{"start":{"line":13,"column":16},"end":{"line":13,"column":25}},"loc":{"start":{"line":13,"column":28},"end":{"line":32,"column":1}},"line":13},"1":{"name":"(anonymous_1)","decl":{"start":{"line":16,"column":12},"end":{"line":16,"column":13}},"loc":{"start":{"line":16,"column":18},"end":{"line":21,"column":3}},"line":16},"2":{"name":"(anonymous_2)","decl":{"start":{"line":23,"column":41},"end":{"line":23,"column":42}},"loc":{"start":{"line":23,"column":48},"end":{"line":25,"column":3}},"line":23}},"branchMap":{},"s":{"0":0,"1":0,"2":0,"3":0,"4":0,"5":0,"6":0},"f":{"0":0,"1":0,"2":0},"b":{}}
,"/Users/goldman/GitMe/modakappv1/components/ParallaxScrollView.tsx": {"path":"/Users/goldman/GitMe/modakappv1/components/ParallaxScrollView.tsx","statementMap":{"0":{"start":{"line":14,"column":22},"end":{"line":14,"column":25}},"1":{"start":{"line":26,"column":22},"end":{"line":26,"column":49}},"2":{"start":{"line":27,"column":20},"end":{"line":27,"column":57}},"3":{"start":{"line":28,"column":23},"end":{"line":28,"column":53}},"4":{"start":{"line":29,"column":17},"end":{"line":29,"column":39}},"5":{"start":{"line":30,"column":30},"end":{"line":45,"column":4}},"6":{"start":{"line":31,"column":4},"end":{"line":44,"column":6}},"7":{"start":{"line":47,"column":2},"end":{"line":67,"column":4}},"8":{"start":{"line":70,"column":15},"end":{"line":84,"column":2}}},"fnMap":{"0":{"name":"ParallaxScrollView","decl":{"start":{"line":21,"column":24},"end":{"line":21,"column":42}},"loc":{"start":{"line":25,"column":10},"end":{"line":68,"column":1}},"line":25},"1":{"name":"(anonymous_1)","decl":{"start":{"line":30,"column":47},"end":{"line":30,"column":48}},"loc":{"start":{"line":30,"column":53},"end":{"line":45,"column":3}},"line":30}},"branchMap":{"0":{"loc":{"start":{"line":26,"column":22},"end":{"line":26,"column":49}},"type":"binary-expr","locations":[{"start":{"line":26,"column":22},"end":{"line":26,"column":38}},{"start":{"line":26,"column":42},"end":{"line":26,"column":49}}],"line":26}},"s":{"0":0,"1":0,"2":0,"3":0,"4":0,"5":0,"6":0,"7":0,"8":0},"f":{"0":0,"1":0},"b":{"0":[0,0]}}
,"/Users/goldman/GitMe/modakappv1/components/ThemedText.tsx": {"path":"/Users/goldman/GitMe/modakappv1/components/ThemedText.tsx","statementMap":{"0":{"start":{"line":18,"column":16},"end":{"line":18,"column":77}},"1":{"start":{"line":20,"column":2},"end":{"line":33,"column":4}},"2":{"start":{"line":36,"column":15},"end":{"line":60,"column":2}}},"fnMap":{"0":{"name":"ThemedText","decl":{"start":{"line":11,"column":16},"end":{"line":11,"column":26}},"loc":{"start":{"line":17,"column":20},"end":{"line":34,"column":1}},"line":17}},"branchMap":{"0":{"loc":{"start":{"line":15,"column":2},"end":{"line":15,"column":18}},"type":"default-arg","locations":[{"start":{"line":15,"column":9},"end":{"line":15,"column":18}}],"line":15},"1":{"loc":{"start":{"line":24,"column":8},"end":{"line":24,"column":55}},"type":"cond-expr","locations":[{"start":{"line":24,"column":29},"end":{"line":24,"column":43}},{"start":{"line":24,"column":46},"end":{"line":24,"column":55}}],"line":24},"2":{"loc":{"start":{"line":25,"column":8},"end":{"line":25,"column":51}},"type":"cond-expr","locations":[{"start":{"line":25,"column":27},"end":{"line":25,"column":39}},{"start":{"line":25,"column":42},"end":{"line":25,"column":51}}],"line":25},"3":{"loc":{"start":{"line":26,"column":8},"end":{"line":26,"column":71}},"type":"cond-expr","locations":[{"start":{"line":26,"column":37},"end":{"line":26,"column":59}},{"start":{"line":26,"column":62},"end":{"line":26,"column":71}}],"line":26},"4":{"loc":{"start":{"line":27,"column":8},"end":{"line":27,"column":57}},"type":"cond-expr","locations":[{"start":{"line":27,"column":30},"end":{"line":27,"column":45}},{"start":{"line":27,"column":48},"end":{"line":27,"column":57}}],"line":27},"5":{"loc":{"start":{"line":28,"column":8},"end":{"line":28,"column":49}},"type":"cond-expr","locations":[{"start":{"line":28,"column":26},"end":{"line":28,"column":37}},{"start":{"line":28,"column":40},"end":{"line":28,"column":49}}],"line":28}},"s":{"0":46,"1":46,"2":1},"f":{"0":46},"b":{"0":[46],"1":[46,0],"2":[0,46],"3":[0,46],"4":[0,46],"5":[0,46]},"_coverageSchema":"1a1c01bbd47fc00a2c39e90264f33305004495a9","hash":"1a8fe5f382d68874cb5a28edc11c07002cf03967"}
,"/Users/goldman/GitMe/modakappv1/components/ThemedView.tsx": {"path":"/Users/goldman/GitMe/modakappv1/components/ThemedView.tsx","statementMap":{"0":{"start":{"line":11,"column":26},"end":{"line":11,"column":93}},"1":{"start":{"line":13,"column":2},"end":{"line":13,"column":71}}},"fnMap":{"0":{"name":"ThemedView","decl":{"start":{"line":10,"column":16},"end":{"line":10,"column":26}},"loc":{"start":{"line":10,"column":93},"end":{"line":14,"column":1}},"line":10}},"branchMap":{},"s":{"0":18,"1":18},"f":{"0":18},"b":{},"_coverageSchema":"1a1c01bbd47fc00a2c39e90264f33305004495a9","hash":"9fada214b39d4bfda13849344337d130c5fdd316"}
,"/Users/goldman/GitMe/modakappv1/components/ui/IconSymbol.ios.tsx": {"path":"/Users/goldman/GitMe/modakappv1/components/ui/IconSymbol.ios.tsx","statementMap":{"0":{"start":{"line":17,"column":2},"end":{"line":31,"column":4}}},"fnMap":{"0":{"name":"IconSymbol","decl":{"start":{"line":4,"column":16},"end":{"line":4,"column":26}},"loc":{"start":{"line":16,"column":3},"end":{"line":32,"column":1}},"line":16}},"branchMap":{"0":{"loc":{"start":{"line":6,"column":2},"end":{"line":6,"column":11}},"type":"default-arg","locations":[{"start":{"line":6,"column":9},"end":{"line":6,"column":11}}],"line":6},"1":{"loc":{"start":{"line":9,"column":2},"end":{"line":9,"column":20}},"type":"default-arg","locations":[{"start":{"line":9,"column":11},"end":{"line":9,"column":20}}],"line":9}},"s":{"0":0},"f":{"0":0},"b":{"0":[0],"1":[0]}}
,"/Users/goldman/GitMe/modakappv1/components/ui/IconSymbol.tsx": {"path":"/Users/goldman/GitMe/modakappv1/components/ui/IconSymbol.tsx","statementMap":{"0":{"start":{"line":9,"column":16},"end":{"line":21,"column":1}},"1":{"start":{"line":42,"column":2},"end":{"line":42,"column":88}}},"fnMap":{"0":{"name":"IconSymbol","decl":{"start":{"line":30,"column":16},"end":{"line":30,"column":26}},"loc":{"start":{"line":41,"column":3},"end":{"line":43,"column":1}},"line":41}},"branchMap":{"0":{"loc":{"start":{"line":32,"column":2},"end":{"line":32,"column":11}},"type":"default-arg","locations":[{"start":{"line":32,"column":9},"end":{"line":32,"column":11}}],"line":32}},"s":{"0":0,"1":0},"f":{"0":0},"b":{"0":[0]}}
,"/Users/goldman/GitMe/modakappv1/components/ui/TabBarBackground.ios.tsx": {"path":"/Users/goldman/GitMe/modakappv1/components/ui/TabBarBackground.ios.tsx","statementMap":{"0":{"start":{"line":7,"column":2},"end":{"line":15,"column":4}},"1":{"start":{"line":19,"column":20},"end":{"line":19,"column":43}},"2":{"start":{"line":20,"column":21},"end":{"line":20,"column":40}},"3":{"start":{"line":21,"column":2},"end":{"line":21,"column":28}}},"fnMap":{"0":{"name":"BlurTabBarBackground","decl":{"start":{"line":6,"column":24},"end":{"line":6,"column":44}},"loc":{"start":{"line":6,"column":47},"end":{"line":16,"column":1}},"line":6},"1":{"name":"useBottomTabOverflow","decl":{"start":{"line":18,"column":16},"end":{"line":18,"column":36}},"loc":{"start":{"line":18,"column":39},"end":{"line":22,"column":1}},"line":18}},"branchMap":{},"s":{"0":0,"1":0,"2":0,"3":0},"f":{"0":0,"1":0},"b":{}}
,"/Users/goldman/GitMe/modakappv1/components/ui/TabBarBackground.tsx": {"path":"/Users/goldman/GitMe/modakappv1/components/ui/TabBarBackground.tsx","statementMap":{"0":{"start":{"line":5,"column":2},"end":{"line":5,"column":11}}},"fnMap":{"0":{"name":"useBottomTabOverflow","decl":{"start":{"line":4,"column":16},"end":{"line":4,"column":36}},"loc":{"start":{"line":4,"column":39},"end":{"line":6,"column":1}},"line":4}},"branchMap":{},"s":{"0":0},"f":{"0":0},"b":{}}
,"/Users/goldman/GitMe/modakappv1/constants/Colors.ts": {"path":"/Users/goldman/GitMe/modakappv1/constants/Colors.ts","statementMap":{"0":{"start":{"line":6,"column":23},"end":{"line":6,"column":32}},"1":{"start":{"line":7,"column":22},"end":{"line":7,"column":28}},"2":{"start":{"line":9,"column":22},"end":{"line":26,"column":1}}},"fnMap":{},"branchMap":{},"s":{"0":1,"1":1,"2":1},"f":{},"b":{},"_coverageSchema":"1a1c01bbd47fc00a2c39e90264f33305004495a9","hash":"cccc0a43a10948a117ea80239be5719d2847007b"}
,"/Users/goldman/GitMe/modakappv1/hooks/useColorScheme.ts": {"path":"/Users/goldman/GitMe/modakappv1/hooks/useColorScheme.ts","statementMap":{},"fnMap":{},"branchMap":{},"s":{},"f":{},"b":{},"_coverageSchema":"1a1c01bbd47fc00a2c39e90264f33305004495a9","hash":"f573704f8852e79e945e9da56512ec6de2221096"}
,"/Users/goldman/GitMe/modakappv1/hooks/useColorScheme.web.ts": {"path":"/Users/goldman/GitMe/modakappv1/hooks/useColorScheme.web.ts","statementMap":{"0":{"start":{"line":8,"column":40},"end":{"line":8,"column":55}},"1":{"start":{"line":10,"column":2},"end":{"line":12,"column":9}},"2":{"start":{"line":11,"column":4},"end":{"line":11,"column":25}},"3":{"start":{"line":14,"column":22},"end":{"line":14,"column":40}},"4":{"start":{"line":16,"column":2},"end":{"line":18,"column":3}},"5":{"start":{"line":17,"column":4},"end":{"line":17,"column":23}},"6":{"start":{"line":20,"column":2},"end":{"line":20,"column":17}}},"fnMap":{"0":{"name":"useColorScheme","decl":{"start":{"line":7,"column":16},"end":{"line":7,"column":30}},"loc":{"start":{"line":7,"column":33},"end":{"line":21,"column":1}},"line":7},"1":{"name":"(anonymous_1)","decl":{"start":{"line":10,"column":12},"end":{"line":10,"column":13}},"loc":{"start":{"line":10,"column":18},"end":{"line":12,"column":3}},"line":10}},"branchMap":{"0":{"loc":{"start":{"line":16,"column":2},"end":{"line":18,"column":3}},"type":"if","locations":[{"start":{"line":16,"column":2},"end":{"line":18,"column":3}},{"start":{},"end":{}}],"line":16}},"s":{"0":0,"1":0,"2":0,"3":0,"4":0,"5":0,"6":0},"f":{"0":0,"1":0},"b":{"0":[0,0]}}
,"/Users/goldman/GitMe/modakappv1/hooks/useThemeColor.ts": {"path":"/Users/goldman/GitMe/modakappv1/hooks/useThemeColor.ts","statementMap":{"0":{"start":{"line":13,"column":16},"end":{"line":13,"column":43}},"1":{"start":{"line":14,"column":25},"end":{"line":14,"column":37}},"2":{"start":{"line":16,"column":2},"end":{"line":20,"column":3}},"3":{"start":{"line":17,"column":4},"end":{"line":17,"column":26}},"4":{"start":{"line":19,"column":4},"end":{"line":19,"column":36}}},"fnMap":{"0":{"name":"useThemeColor","decl":{"start":{"line":9,"column":16},"end":{"line":9,"column":29}},"loc":{"start":{"line":12,"column":2},"end":{"line":21,"column":1}},"line":12}},"branchMap":{"0":{"loc":{"start":{"line":13,"column":16},"end":{"line":13,"column":43}},"type":"binary-expr","locations":[{"start":{"line":13,"column":16},"end":{"line":13,"column":32}},{"start":{"line":13,"column":36},"end":{"line":13,"column":43}}],"line":13},"1":{"loc":{"start":{"line":16,"column":2},"end":{"line":20,"column":3}},"type":"if","locations":[{"start":{"line":16,"column":2},"end":{"line":20,"column":3}},{"start":{"line":18,"column":9},"end":{"line":20,"column":3}}],"line":16}},"s":{"0":64,"1":64,"2":64,"3":0,"4":64},"f":{"0":64},"b":{"0":[64,0],"1":[0,64]},"_coverageSchema":"1a1c01bbd47fc00a2c39e90264f33305004495a9","hash":"e5c049aeb34c70fa99c7846e7f535ac54e0c192d"}
,"/Users/goldman/GitMe/modakappv1/src/components/ImageCarousel.tsx": {"path":"/Users/goldman/GitMe/modakappv1/src/components/ImageCarousel.tsx","statementMap":{"0":{"start":{"line":4,"column":32},"end":{"line":4,"column":56}},"1":{"start":{"line":11,"column":40},"end":{"line":11,"column":51}},"2":{"start":{"line":13,"column":33},"end":{"line":17,"column":8}},"3":{"start":{"line":14,"column":4},"end":{"line":16,"column":5}},"4":{"start":{"line":15,"column":6},"end":{"line":15,"column":45}},"5":{"start":{"line":19,"column":22},"end":{"line":24,"column":3}},"6":{"start":{"line":21,"column":6},"end":{"line":21,"column":72}},"7":{"start":{"line":26,"column":20},"end":{"line":31,"column":3}},"8":{"start":{"line":28,"column":6},"end":{"line":28,"column":90}},"9":{"start":{"line":33,"column":2},"end":{"line":48,"column":4}},"10":{"start":{"line":46,"column":64},"end":{"line":46,"column":80}},"11":{"start":{"line":51,"column":15},"end":{"line":77,"column":2}}},"fnMap":{"0":{"name":"ImageCarousel","decl":{"start":{"line":10,"column":16},"end":{"line":10,"column":29}},"loc":{"start":{"line":10,"column":62},"end":{"line":49,"column":1}},"line":10},"1":{"name":"(anonymous_1)","decl":{"start":{"line":13,"column":45},"end":{"line":13,"column":46}},"loc":{"start":{"line":13,"column":73},"end":{"line":17,"column":3}},"line":13},"2":{"name":"(anonymous_2)","decl":{"start":{"line":20,"column":4},"end":{"line":20,"column":5}},"loc":{"start":{"line":21,"column":6},"end":{"line":21,"column":72}},"line":21},"3":{"name":"(anonymous_3)","decl":{"start":{"line":27,"column":4},"end":{"line":27,"column":5}},"loc":{"start":{"line":28,"column":6},"end":{"line":28,"column":90}},"line":28},"4":{"name":"(anonymous_4)","decl":{"start":{"line":46,"column":50},"end":{"line":46,"column":51}},"loc":{"start":{"line":46,"column":64},"end":{"line":46,"column":80}},"line":46}},"branchMap":{"0":{"loc":{"start":{"line":14,"column":4},"end":{"line":16,"column":5}},"type":"if","locations":[{"start":{"line":14,"column":4},"end":{"line":16,"column":5}},{"start":{},"end":{}}],"line":14},"1":{"loc":{"start":{"line":28,"column":44},"end":{"line":28,"column":85}},"type":"binary-expr","locations":[{"start":{"line":28,"column":44},"end":{"line":28,"column":65}},{"start":{"line":28,"column":69},"end":{"line":28,"column":85}}],"line":28}},"s":{"0":1,"1":4,"2":4,"3":0,"4":0,"5":4,"6":8,"7":4,"8":8,"9":4,"10":8,"11":1},"f":{"0":4,"1":0,"2":8,"3":8,"4":8},"b":{"0":[0,0],"1":[8,4]},"_coverageSchema":"1a1c01bbd47fc00a2c39e90264f33305004495a9","hash":"dffeb7ca94f4b8b6b3e6e568f4038c69b560fa73"}
,"/Users/goldman/GitMe/modakappv1/src/hooks/useCalendar.ts": {"path":"/Users/goldman/GitMe/modakappv1/src/hooks/useCalendar.ts","statementMap":{"0":{"start":{"line":5,"column":27},"end":{"line":30,"column":1}},"1":{"start":{"line":6,"column":29},"end":{"line":27,"column":3}},"2":{"start":{"line":7,"column":4},"end":{"line":26,"column":5}},"3":{"start":{"line":8,"column":6},"end":{"line":12,"column":8}},"4":{"start":{"line":13,"column":6},"end":{"line":18,"column":9}},"5":{"start":{"line":20,"column":6},"end":{"line":25,"column":9}},"6":{"start":{"line":29,"column":2},"end":{"line":29,"column":32}}},"fnMap":{"0":{"name":"(anonymous_0)","decl":{"start":{"line":5,"column":27},"end":{"line":5,"column":28}},"loc":{"start":{"line":5,"column":33},"end":{"line":30,"column":1}},"line":5},"1":{"name":"(anonymous_1)","decl":{"start":{"line":6,"column":29},"end":{"line":6,"column":30}},"loc":{"start":{"line":6,"column":77},"end":{"line":27,"column":3}},"line":6}},"branchMap":{"0":{"loc":{"start":{"line":23,"column":15},"end":{"line":23,"column":83}},"type":"cond-expr","locations":[{"start":{"line":23,"column":40},"end":{"line":23,"column":53}},{"start":{"line":23,"column":56},"end":{"line":23,"column":83}}],"line":23}},"s":{"0":1,"1":6,"2":0,"3":0,"4":0,"5":0,"6":6},"f":{"0":6,"1":0},"b":{"0":[0,0]},"_coverageSchema":"1a1c01bbd47fc00a2c39e90264f33305004495a9","hash":"7c93921e4ac5302931fad6c9e5665a6f9348b355"}
,"/Users/goldman/GitMe/modakappv1/src/native/CalendarManager.ts": {"path":"/Users/goldman/GitMe/modakappv1/src/native/CalendarManager.ts","statementMap":{"0":{"start":{"line":8,"column":28},"end":{"line":8,"column":41}},"1":{"start":{"line":10,"column":0},"end":{"line":10,"column":49}},"2":{"start":{"line":12,"column":0},"end":{"line":16,"column":1}},"3":{"start":{"line":13,"column":2},"end":{"line":15,"column":4}},"4":{"start":{"line":21,"column":30},"end":{"line":21,"column":92}}},"fnMap":{"0":{"name":"(anonymous_0)","decl":{"start":{"line":21,"column":24},"end":{"line":21,"column":25}},"loc":{"start":{"line":21,"column":30},"end":{"line":21,"column":92}},"line":21}},"branchMap":{"0":{"loc":{"start":{"line":12,"column":0},"end":{"line":16,"column":1}},"type":"if","locations":[{"start":{"line":12,"column":0},"end":{"line":16,"column":1}},{"start":{},"end":{}}],"line":12}},"s":{"0":0,"1":0,"2":0,"3":0,"4":0},"f":{"0":0},"b":{"0":[0,0]}}
,"/Users/goldman/GitMe/modakappv1/src/products/util.ts": {"path":"/Users/goldman/GitMe/modakappv1/src/products/util.ts","statementMap":{"0":{"start":{"line":4,"column":34},"end":{"line":7,"column":1}},"1":{"start":{"line":5,"column":16},"end":{"line":5,"column":54}},"2":{"start":{"line":6,"column":2},"end":{"line":6,"column":37}}},"fnMap":{"0":{"name":"(anonymous_0)","decl":{"start":{"line":4,"column":34},"end":{"line":4,"column":35}},"loc":{"start":{"line":4,"column":66},"end":{"line":7,"column":1}},"line":4}},"branchMap":{"0":{"loc":{"start":{"line":5,"column":16},"end":{"line":5,"column":54}},"type":"binary-expr","locations":[{"start":{"line":5,"column":16},"end":{"line":5,"column":46}},{"start":{"line":5,"column":50},"end":{"line":5,"column":54}}],"line":5}},"s":{"0":0,"1":0,"2":0},"f":{"0":0},"b":{"0":[0,0]}}
,"/Users/goldman/GitMe/modakappv1/src/products/constants/categoryEmojis.ts": {"path":"/Users/goldman/GitMe/modakappv1/src/products/constants/categoryEmojis.ts","statementMap":{"0":{"start":{"line":1,"column":55},"end":{"line":26,"column":1}}},"fnMap":{},"branchMap":{},"s":{"0":0},"f":{},"b":{}}
,"/Users/goldman/GitMe/modakappv1/src/products/mappers/categoryMapper.ts": {"path":"/Users/goldman/GitMe/modakappv1/src/products/mappers/categoryMapper.ts","statementMap":{"0":{"start":{"line":3,"column":30},"end":{"line":11,"column":1}},"1":{"start":{"line":5,"column":4},"end":{"line":5,"column":16}},"2":{"start":{"line":9,"column":4},"end":{"line":9,"column":57}},"3":{"start":{"line":9,"column":34},"end":{"line":9,"column":55}}},"fnMap":{"0":{"name":"(anonymous_0)","decl":{"start":{"line":4,"column":2},"end":{"line":4,"column":3}},"loc":{"start":{"line":4,"column":37},"end":{"line":6,"column":3}},"line":4},"1":{"name":"(anonymous_1)","decl":{"start":{"line":8,"column":2},"end":{"line":8,"column":3}},"loc":{"start":{"line":8,"column":51},"end":{"line":10,"column":3}},"line":8},"2":{"name":"(anonymous_2)","decl":{"start":{"line":9,"column":26},"end":{"line":9,"column":27}},"loc":{"start":{"line":9,"column":34},"end":{"line":9,"column":55}},"line":9}},"branchMap":{},"s":{"0":0,"1":0,"2":0,"3":0},"f":{"0":0,"1":0,"2":0},"b":{}}
,"/Users/goldman/GitMe/modakappv1/src/products/mappers/productMapper.ts": {"path":"/Users/goldman/GitMe/modakappv1/src/products/mappers/productMapper.ts","statementMap":{"0":{"start":{"line":11,"column":29},"end":{"line":25,"column":1}},"1":{"start":{"line":13,"column":4},"end":{"line":19,"column":6}},"2":{"start":{"line":23,"column":4},"end":{"line":23,"column":39}}},"fnMap":{"0":{"name":"(anonymous_0)","decl":{"start":{"line":12,"column":2},"end":{"line":12,"column":3}},"loc":{"start":{"line":12,"column":38},"end":{"line":20,"column":3}},"line":12},"1":{"name":"(anonymous_1)","decl":{"start":{"line":22,"column":2},"end":{"line":22,"column":3}},"loc":{"start":{"line":22,"column":50},"end":{"line":24,"column":3}},"line":22}},"branchMap":{},"s":{"0":0,"1":0,"2":0},"f":{"0":0,"1":0},"b":{}}
,"/Users/goldman/GitMe/modakappv1/src/products/services/api.ts": {"path":"/Users/goldman/GitMe/modakappv1/src/products/services/api.ts","statementMap":{"0":{"start":{"line":4,"column":30},"end":{"line":49,"column":1}},"1":{"start":{"line":10,"column":4},"end":{"line":25,"column":5}},"2":{"start":{"line":11,"column":22},"end":{"line":13,"column":42}},"3":{"start":{"line":15,"column":23},"end":{"line":15,"column":76}},"4":{"start":{"line":17,"column":6},"end":{"line":19,"column":7}},"5":{"start":{"line":18,"column":8},"end":{"line":18,"column":42}},"6":{"start":{"line":21,"column":6},"end":{"line":21,"column":29}},"7":{"start":{"line":23,"column":6},"end":{"line":23,"column":55}},"8":{"start":{"line":24,"column":6},"end":{"line":24,"column":18}},"9":{"start":{"line":29,"column":4},"end":{"line":36,"column":5}},"10":{"start":{"line":30,"column":23},"end":{"line":30,"column":79}},"11":{"start":{"line":31,"column":6},"end":{"line":31,"column":58}},"12":{"start":{"line":31,"column":24},"end":{"line":31,"column":58}},"13":{"start":{"line":32,"column":6},"end":{"line":32,"column":29}},"14":{"start":{"line":34,"column":6},"end":{"line":34,"column":57}},"15":{"start":{"line":35,"column":6},"end":{"line":35,"column":18}},"16":{"start":{"line":40,"column":4},"end":{"line":47,"column":5}},"17":{"start":{"line":41,"column":23},"end":{"line":41,"column":74}},"18":{"start":{"line":42,"column":6},"end":{"line":42,"column":58}},"19":{"start":{"line":42,"column":24},"end":{"line":42,"column":58}},"20":{"start":{"line":43,"column":6},"end":{"line":43,"column":29}},"21":{"start":{"line":45,"column":6},"end":{"line":45,"column":62}},"22":{"start":{"line":46,"column":6},"end":{"line":46,"column":18}}},"fnMap":{"0":{"name":"(anonymous_0)","decl":{"start":{"line":5,"column":2},"end":{"line":5,"column":3}},"loc":{"start":{"line":9,"column":30},"end":{"line":26,"column":3}},"line":9},"1":{"name":"(anonymous_1)","decl":{"start":{"line":28,"column":2},"end":{"line":28,"column":3}},"loc":{"start":{"line":28,"column":47},"end":{"line":37,"column":3}},"line":28},"2":{"name":"(anonymous_2)","decl":{"start":{"line":39,"column":2},"end":{"line":39,"column":3}},"loc":{"start":{"line":39,"column":65},"end":{"line":48,"column":3}},"line":39}},"branchMap":{"0":{"loc":{"start":{"line":6,"column":4},"end":{"line":6,"column":20}},"type":"default-arg","locations":[{"start":{"line":6,"column":19},"end":{"line":6,"column":20}}],"line":6},"1":{"loc":{"start":{"line":7,"column":4},"end":{"line":7,"column":22}},"type":"default-arg","locations":[{"start":{"line":7,"column":20},"end":{"line":7,"column":22}}],"line":7},"2":{"loc":{"start":{"line":11,"column":22},"end":{"line":13,"column":42}},"type":"cond-expr","locations":[{"start":{"line":12,"column":10},"end":{"line":12,"column":67}},{"start":{"line":13,"column":10},"end":{"line":13,"column":42}}],"line":11},"3":{"loc":{"start":{"line":17,"column":6},"end":{"line":19,"column":7}},"type":"if","locations":[{"start":{"line":17,"column":6},"end":{"line":19,"column":7}},{"start":{},"end":{}}],"line":17},"4":{"loc":{"start":{"line":31,"column":6},"end":{"line":31,"column":58}},"type":"if","locations":[{"start":{"line":31,"column":6},"end":{"line":31,"column":58}},{"start":{},"end":{}}],"line":31},"5":{"loc":{"start":{"line":42,"column":6},"end":{"line":42,"column":58}},"type":"if","locations":[{"start":{"line":42,"column":6},"end":{"line":42,"column":58}},{"start":{},"end":{}}],"line":42}},"s":{"0":0,"1":0,"2":0,"3":0,"4":0,"5":0,"6":0,"7":0,"8":0,"9":0,"10":0,"11":0,"12":0,"13":0,"14":0,"15":0,"16":0,"17":0,"18":0,"19":0,"20":0,"21":0,"22":0},"f":{"0":0,"1":0,"2":0},"b":{"0":[0],"1":[0],"2":[0,0],"3":[0,0],"4":[0,0],"5":[0,0]}}
,"/Users/goldman/GitMe/modakappv1/src/products/store/useCategoryStore.ts": {"path":"/Users/goldman/GitMe/modakappv1/src/products/store/useCategoryStore.ts","statementMap":{"0":{"start":{"line":12,"column":32},"end":{"line":27,"column":3}},"1":{"start":{"line":12,"column":62},"end":{"line":27,"column":1}},"2":{"start":{"line":18,"column":4},"end":{"line":25,"column":5}},"3":{"start":{"line":19,"column":6},"end":{"line":19,"column":42}},"4":{"start":{"line":20,"column":19},"end":{"line":20,"column":57}},"5":{"start":{"line":21,"column":31},"end":{"line":21,"column":85}},"6":{"start":{"line":21,"column":56},"end":{"line":21,"column":84}},"7":{"start":{"line":22,"column":6},"end":{"line":22,"column":60}},"8":{"start":{"line":24,"column":6},"end":{"line":24,"column":65}}},"fnMap":{"0":{"name":"(anonymous_0)","decl":{"start":{"line":12,"column":54},"end":{"line":12,"column":55}},"loc":{"start":{"line":12,"column":62},"end":{"line":27,"column":1}},"line":12},"1":{"name":"(anonymous_1)","decl":{"start":{"line":17,"column":19},"end":{"line":17,"column":20}},"loc":{"start":{"line":17,"column":31},"end":{"line":26,"column":3}},"line":17},"2":{"name":"(anonymous_2)","decl":{"start":{"line":21,"column":46},"end":{"line":21,"column":47}},"loc":{"start":{"line":21,"column":56},"end":{"line":21,"column":84}},"line":21}},"branchMap":{},"s":{"0":0,"1":0,"2":0,"3":0,"4":0,"5":0,"6":0,"7":0,"8":0},"f":{"0":0,"1":0,"2":0},"b":{}}
,"/Users/goldman/GitMe/modakappv1/src/products/store/useProductDetailsStore.ts": {"path":"/Users/goldman/GitMe/modakappv1/src/products/store/useProductDetailsStore.ts","statementMap":{"0":{"start":{"line":17,"column":38},"end":{"line":35,"column":3}},"1":{"start":{"line":17,"column":72},"end":{"line":35,"column":1}},"2":{"start":{"line":23,"column":4},"end":{"line":29,"column":5}},"3":{"start":{"line":24,"column":6},"end":{"line":24,"column":42}},"4":{"start":{"line":25,"column":19},"end":{"line":25,"column":63}},"5":{"start":{"line":26,"column":6},"end":{"line":26,"column":45}},"6":{"start":{"line":28,"column":6},"end":{"line":28,"column":70}},"7":{"start":{"line":33,"column":4},"end":{"line":33,"column":56}}},"fnMap":{"0":{"name":"(anonymous_0)","decl":{"start":{"line":17,"column":64},"end":{"line":17,"column":65}},"loc":{"start":{"line":17,"column":72},"end":{"line":35,"column":1}},"line":17},"1":{"name":"(anonymous_1)","decl":{"start":{"line":22,"column":23},"end":{"line":22,"column":24}},"loc":{"start":{"line":22,"column":45},"end":{"line":30,"column":3}},"line":22},"2":{"name":"(anonymous_2)","decl":{"start":{"line":32,"column":9},"end":{"line":32,"column":10}},"loc":{"start":{"line":32,"column":15},"end":{"line":34,"column":3}},"line":32}},"branchMap":{},"s":{"0":0,"1":0,"2":0,"3":0,"4":0,"5":0,"6":0,"7":0},"f":{"0":0,"1":0,"2":0},"b":{}}
,"/Users/goldman/GitMe/modakappv1/src/products/store/useProductStore.ts": {"path":"/Users/goldman/GitMe/modakappv1/src/products/store/useProductStore.ts","statementMap":{"0":{"start":{"line":20,"column":31},"end":{"line":73,"column":3}},"1":{"start":{"line":20,"column":67},"end":{"line":73,"column":1}},"2":{"start":{"line":29,"column":4},"end":{"line":41,"column":5}},"3":{"start":{"line":30,"column":20},"end":{"line":30,"column":25}},"4":{"start":{"line":31,"column":6},"end":{"line":31,"column":42}},"5":{"start":{"line":32,"column":19},"end":{"line":32,"column":89}},"6":{"start":{"line":33,"column":6},"end":{"line":38,"column":9}},"7":{"start":{"line":40,"column":6},"end":{"line":40,"column":63}},"8":{"start":{"line":45,"column":18},"end":{"line":45,"column":23}},"9":{"start":{"line":46,"column":4},"end":{"line":46,"column":48}},"10":{"start":{"line":46,"column":41},"end":{"line":46,"column":48}},"11":{"start":{"line":48,"column":4},"end":{"line":65,"column":5}},"12":{"start":{"line":49,"column":6},"end":{"line":49,"column":29}},"13":{"start":{"line":50,"column":23},"end":{"line":50,"column":37}},"14":{"start":{"line":51,"column":19},"end":{"line":55,"column":7}},"15":{"start":{"line":57,"column":6},"end":{"line":62,"column":9}},"16":{"start":{"line":64,"column":6},"end":{"line":64,"column":51}},"17":{"start":{"line":64,"column":20},"end":{"line":64,"column":48}},"18":{"start":{"line":68,"column":4},"end":{"line":68,"column":39}},"19":{"start":{"line":71,"column":4},"end":{"line":71,"column":40}}},"fnMap":{"0":{"name":"(anonymous_0)","decl":{"start":{"line":20,"column":52},"end":{"line":20,"column":53}},"loc":{"start":{"line":20,"column":67},"end":{"line":73,"column":1}},"line":20},"1":{"name":"(anonymous_1)","decl":{"start":{"line":28,"column":17},"end":{"line":28,"column":18}},"loc":{"start":{"line":28,"column":29},"end":{"line":42,"column":3}},"line":28},"2":{"name":"(anonymous_2)","decl":{"start":{"line":44,"column":12},"end":{"line":44,"column":13}},"loc":{"start":{"line":44,"column":24},"end":{"line":66,"column":3}},"line":44},"3":{"name":"(anonymous_3)","decl":{"start":{"line":64,"column":10},"end":{"line":64,"column":11}},"loc":{"start":{"line":64,"column":20},"end":{"line":64,"column":48}},"line":64},"4":{"name":"(anonymous_4)","decl":{"start":{"line":67,"column":22},"end":{"line":67,"column":23}},"loc":{"start":{"line":67,"column":47},"end":{"line":69,"column":3}},"line":67},"5":{"name":"(anonymous_5)","decl":{"start":{"line":70,"column":16},"end":{"line":70,"column":17}},"loc":{"start":{"line":70,"column":22},"end":{"line":72,"column":3}},"line":70}},"branchMap":{"0":{"loc":{"start":{"line":46,"column":4},"end":{"line":46,"column":48}},"type":"if","locations":[{"start":{"line":46,"column":4},"end":{"line":46,"column":48}},{"start":{},"end":{}}],"line":46},"1":{"loc":{"start":{"line":46,"column":8},"end":{"line":46,"column":39}},"type":"binary-expr","locations":[{"start":{"line":46,"column":8},"end":{"line":46,"column":21}},{"start":{"line":46,"column":25},"end":{"line":46,"column":39}}],"line":46}},"s":{"0":0,"1":0,"2":0,"3":0,"4":0,"5":0,"6":0,"7":0,"8":0,"9":0,"10":0,"11":0,"12":0,"13":0,"14":0,"15":0,"16":0,"17":0,"18":0,"19":0},"f":{"0":0,"1":0,"2":0,"3":0,"4":0,"5":0},"b":{"0":[0,0],"1":[0,0]}}
,"/Users/goldman/GitMe/modakappv1/src/products/store/useWishlistStore.ts": {"path":"/Users/goldman/GitMe/modakappv1/src/products/store/useWishlistStore.ts","statementMap":{"0":{"start":{"line":16,"column":32},"end":{"line":43,"column":1}},"1":{"start":{"line":18,"column":19},"end":{"line":36,"column":5}},"2":{"start":{"line":22,"column":8},"end":{"line":24,"column":12}},"3":{"start":{"line":22,"column":22},"end":{"line":24,"column":9}},"4":{"start":{"line":28,"column":8},"end":{"line":30,"column":12}},"5":{"start":{"line":28,"column":22},"end":{"line":30,"column":9}},"6":{"start":{"line":29,"column":44},"end":{"line":29,"column":65}},"7":{"start":{"line":34,"column":8},"end":{"line":34,"column":63}},"8":{"start":{"line":34,"column":40},"end":{"line":34,"column":61}},"9":{"start":{"line":39,"column":39},"end":{"line":39,"column":51}},"10":{"start":{"line":40,"column":28},"end":{"line":40,"column":50}}},"fnMap":{"0":{"name":"(anonymous_0)","decl":{"start":{"line":18,"column":4},"end":{"line":18,"column":5}},"loc":{"start":{"line":18,"column":19},"end":{"line":36,"column":5}},"line":18},"1":{"name":"(anonymous_1)","decl":{"start":{"line":21,"column":21},"end":{"line":21,"column":22}},"loc":{"start":{"line":21,"column":32},"end":{"line":25,"column":7}},"line":21},"2":{"name":"(anonymous_2)","decl":{"start":{"line":22,"column":12},"end":{"line":22,"column":13}},"loc":{"start":{"line":22,"column":22},"end":{"line":24,"column":9}},"line":22},"3":{"name":"(anonymous_3)","decl":{"start":{"line":27,"column":26},"end":{"line":27,"column":27}},"loc":{"start":{"line":27,"column":39},"end":{"line":31,"column":7}},"line":27},"4":{"name":"(anonymous_4)","decl":{"start":{"line":28,"column":12},"end":{"line":28,"column":13}},"loc":{"start":{"line":28,"column":22},"end":{"line":30,"column":9}},"line":28},"5":{"name":"(anonymous_5)","decl":{"start":{"line":29,"column":36},"end":{"line":29,"column":37}},"loc":{"start":{"line":29,"column":44},"end":{"line":29,"column":65}},"line":29},"6":{"name":"(anonymous_6)","decl":{"start":{"line":33,"column":20},"end":{"line":33,"column":21}},"loc":{"start":{"line":33,"column":33},"end":{"line":35,"column":7}},"line":33},"7":{"name":"(anonymous_7)","decl":{"start":{"line":34,"column":32},"end":{"line":34,"column":33}},"loc":{"start":{"line":34,"column":40},"end":{"line":34,"column":61}},"line":34},"8":{"name":"(anonymous_8)","decl":{"start":{"line":39,"column":33},"end":{"line":39,"column":34}},"loc":{"start":{"line":39,"column":39},"end":{"line":39,"column":51}},"line":39},"9":{"name":"(anonymous_9)","decl":{"start":{"line":40,"column":18},"end":{"line":40,"column":19}},"loc":{"start":{"line":40,"column":28},"end":{"line":40,"column":50}},"line":40}},"branchMap":{},"s":{"0":1,"1":1,"2":0,"3":0,"4":0,"5":0,"6":0,"7":0,"8":0,"9":1,"10":0},"f":{"0":1,"1":0,"2":0,"3":0,"4":0,"5":0,"6":0,"7":0,"8":1,"9":0},"b":{},"_coverageSchema":"1a1c01bbd47fc00a2c39e90264f33305004495a9","hash":"0d32baa34584871ce9b483aab9900aa4f042b0dc"}
,"/Users/goldman/GitMe/modakappv1/src/products/types/category.ts": {"path":"/Users/goldman/GitMe/modakappv1/src/products/types/category.ts","statementMap":{},"fnMap":{},"branchMap":{},"s":{},"f":{},"b":{}}
,"/Users/goldman/GitMe/modakappv1/src/products/types/product.ts": {"path":"/Users/goldman/GitMe/modakappv1/src/products/types/product.ts","statementMap":{},"fnMap":{},"branchMap":{},"s":{},"f":{},"b":{}}
,"/Users/goldman/GitMe/modakappv1/src/ui/styling.ts": {"path":"/Users/goldman/GitMe/modakappv1/src/ui/styling.ts","statementMap":{"0":{"start":{"line":3,"column":55},"end":{"line":3,"column":79}},"1":{"start":{"line":5,"column":2},"end":{"line":5,"column":94}},"2":{"start":{"line":7,"column":27},"end":{"line":7,"column":30}},"3":{"start":{"line":8,"column":28},"end":{"line":8,"column":31}},"4":{"start":{"line":10,"column":21},"end":{"line":13,"column":3}},"5":{"start":{"line":11,"column":2},"end":{"line":13,"column":3}},"6":{"start":{"line":15,"column":29},"end":{"line":18,"column":3}},"7":{"start":{"line":16,"column":2},"end":{"line":18,"column":3}}},"fnMap":{"0":{"name":"(anonymous_0)","decl":{"start":{"line":10,"column":21},"end":{"line":10,"column":22}},"loc":{"start":{"line":11,"column":2},"end":{"line":13,"column":3}},"line":11},"1":{"name":"(anonymous_1)","decl":{"start":{"line":15,"column":29},"end":{"line":15,"column":30}},"loc":{"start":{"line":16,"column":2},"end":{"line":18,"column":3}},"line":16}},"branchMap":{"0":{"loc":{"start":{"line":5,"column":2},"end":{"line":5,"column":94}},"type":"cond-expr","locations":[{"start":{"line":5,"column":33},"end":{"line":5,"column":62}},{"start":{"line":5,"column":65},"end":{"line":5,"column":94}}],"line":5}},"s":{"0":0,"1":0,"2":0,"3":0,"4":0,"5":0,"6":0,"7":0},"f":{"0":0,"1":0},"b":{"0":[0,0]}}
,"/Users/goldman/GitMe/modakappv1/src/ui/theme.ts": {"path":"/Users/goldman/GitMe/modakappv1/src/ui/theme.ts","statementMap":{"0":{"start":{"line":3,"column":22},"end":{"line":25,"column":1}},"1":{"start":{"line":27,"column":24},"end":{"line":33,"column":1}},"2":{"start":{"line":34,"column":24},"end":{"line":40,"column":1}},"3":{"start":{"line":41,"column":22},"end":{"line":46,"column":1}}},"fnMap":{},"branchMap":{},"s":{"0":0,"1":0,"2":0,"3":0},"f":{},"b":{}}
,"/Users/goldman/GitMe/modakappv1/src/ui/components/PressableScale.tsx": {"path":"/Users/goldman/GitMe/modakappv1/src/ui/components/PressableScale.tsx","statementMap":{"0":{"start":{"line":16,"column":2},"end":{"line":29,"column":4}},"1":{"start":{"line":19,"column":30},"end":{"line":25,"column":7}}},"fnMap":{"0":{"name":"PressableScale","decl":{"start":{"line":10,"column":16},"end":{"line":10,"column":30}},"loc":{"start":{"line":15,"column":24},"end":{"line":30,"column":1}},"line":15},"1":{"name":"(anonymous_1)","decl":{"start":{"line":19,"column":13},"end":{"line":19,"column":14}},"loc":{"start":{"line":19,"column":30},"end":{"line":25,"column":7}},"line":19}},"branchMap":{"0":{"loc":{"start":{"line":11,"column":2},"end":{"line":11,"column":19}},"type":"default-arg","locations":[{"start":{"line":11,"column":15},"end":{"line":11,"column":19}}],"line":11},"1":{"loc":{"start":{"line":22,"column":31},"end":{"line":22,"column":55}},"type":"cond-expr","locations":[{"start":{"line":22,"column":41},"end":{"line":22,"column":51}},{"start":{"line":22,"column":54},"end":{"line":22,"column":55}}],"line":22}},"s":{"0":11,"1":11},"f":{"0":11,"1":11},"b":{"0":[11],"1":[0,11]},"_coverageSchema":"1a1c01bbd47fc00a2c39e90264f33305004495a9","hash":"cd32a8e2dfe1dd23e49da3577aefdb8c540c1e7a"}
}
